2024-06-04 02:13:11,565 Script started.
2024-06-04 02:13:12,791 Created output directory: C:\Users\Nocturne\Desktop\Exporter\output_2024-06-04_02-13-12_AM
2024-06-04 02:13:12,938 Loaded project file: C:\Users\Nocturne\Desktop\Exporter\exporter.qgz
2024-06-04 02:13:13,007 Successfully exported vector layer: Test_shapefile_AO to C:\Users\Nocturne\Desktop\Exporter\output_2024-06-04_02-13-12_AM\Test_shapefile_AO.shp
2024-06-04 02:13:13,015 Successfully exported vector layer: 123 to C:\Users\Nocturne\Desktop\Exporter\output_2024-06-04_02-13-12_AM\123.shp
2024-06-04 02:13:13,106 Script finished.
2024-06-04 02:14:21,550 Script started.
2024-06-04 02:14:22,768 Created output directory: C:\Users\Nocturne\Desktop\Exporter\output_2024-06-04_02-14-22_AM
2024-06-04 02:14:22,935 Loaded project file: C:\Users\Nocturne\Desktop\Exporter\exporter.qgz
2024-06-04 02:14:23,001 Successfully exported vector layer: Test_shapefile_AO to C:\Users\Nocturne\Desktop\Exporter\output_2024-06-04_02-14-22_AM\Test_shapefile_AO.shp
2024-06-04 02:14:23,009 Successfully exported vector layer: 123 to C:\Users\Nocturne\Desktop\Exporter\output_2024-06-04_02-14-22_AM\123.shp
2024-06-04 02:14:23,144 Script finished.
2024-06-04 02:16:46,516 Script started.
2024-06-04 02:16:47,781 Created output directory: C:\Users\Nocturne\Desktop\Exporter\output_2024-06-04_02-16-47_AM
2024-06-04 02:16:47,781 Created File Geodatabase: C:\Users\Nocturne\Desktop\Exporter\output_2024-06-04_02-16-47_AM\output_2024-06-04_02-16-47_AM.gdb
2024-06-04 02:16:47,970 Loaded project file: C:\Users\Nocturne\Desktop\Exporter\exporter.qgz
2024-06-04 02:16:48,032 Error exporting vector layer: Test_shapefile_AO, 1
2024-06-04 02:16:48,035 Error exporting vector layer: 123, 1
2024-06-04 02:16:48,178 Script finished.
2024-06-04 02:19:59,324 Script started.
2024-06-04 02:20:00,557 Created output directory: C:\Users\Nocturne\Desktop\Exporter\output_2024-06-04_02-20-00_AM
2024-06-04 02:20:00,754 Loaded project file: C:\Users\Nocturne\Desktop\Exporter\exporter.qgz
2024-06-04 02:20:00,851 Successfully exported vector layer: Test_shapefile_AO to C:\Users\Nocturne\Desktop\Exporter\output_2024-06-04_02-20-00_AM\output_2024-06-04_02-20-00_AM.gpkg
2024-06-04 02:20:00,869 Successfully exported vector layer: 123 to C:\Users\Nocturne\Desktop\Exporter\output_2024-06-04_02-20-00_AM\output_2024-06-04_02-20-00_AM.gpkg
2024-06-04 02:20:00,965 Script finished.
2024-06-04 02:21:40,392 Script started.
2024-06-04 02:21:41,609 Created output directory: C:\Users\Nocturne\Desktop\Exporter\output_2024-06-04_02-21-41_AM
2024-06-04 02:21:41,757 Loaded project file: C:\Users\Nocturne\Desktop\Exporter\exporter.qgz
2024-06-04 02:21:41,854 Successfully exported vector layer: Test_shapefile_AO to C:\Users\Nocturne\Desktop\Exporter\output_2024-06-04_02-21-41_AM\output_2024-06-04_02-21-41_AM.gpkg
2024-06-04 02:21:41,861 Successfully exported vector layer: Test_shapefile_AO to C:\Users\Nocturne\Desktop\Exporter\output_2024-06-04_02-21-41_AM\Test_shapefile_AO.shp
2024-06-04 02:21:41,883 Successfully exported vector layer: 123 to C:\Users\Nocturne\Desktop\Exporter\output_2024-06-04_02-21-41_AM\output_2024-06-04_02-21-41_AM.gpkg
2024-06-04 02:21:41,889 Successfully exported vector layer: 123 to C:\Users\Nocturne\Desktop\Exporter\output_2024-06-04_02-21-41_AM\123.shp
2024-06-04 02:21:42,019 Script finished.
2024-06-04 02:25:59,857 Script started.
2024-06-04 02:26:01,069 Created output directory: C:\Users\Nocturne\Desktop\Exporter\output_2024-06-04_02-26-01_AM
2024-06-04 02:26:01,217 Loaded project file: C:\Users\Nocturne\Desktop\Exporter\exporter.qgz
2024-06-04 02:26:01,314 Successfully exported vector layer: Test_shapefile_AO to C:\Users\Nocturne\Desktop\Exporter\output_2024-06-04_02-26-01_AM\output_2024-06-04_02-26-01_AM.gpkg
2024-06-04 02:26:01,321 Successfully exported vector layer: Test_shapefile_AO to C:\Users\Nocturne\Desktop\Exporter\output_2024-06-04_02-26-01_AM\Test_shapefile_AO.shp
2024-06-04 02:26:01,339 Successfully exported vector layer: 123 to C:\Users\Nocturne\Desktop\Exporter\output_2024-06-04_02-26-01_AM\output_2024-06-04_02-26-01_AM.gpkg
2024-06-04 02:26:01,345 Successfully exported vector layer: 123 to C:\Users\Nocturne\Desktop\Exporter\output_2024-06-04_02-26-01_AM\123.shp
2024-06-04 02:26:01,489 Script finished.
2024-06-04 02:29:00,427 Script started.
2024-06-04 02:29:01,666 Created output directory: C:\Users\Nocturne\Desktop\Exporter\output_2024-06-04_02-29-01_AM
2024-06-04 02:29:01,832 Loaded project file: C:\Users\Nocturne\Desktop\Exporter\exporter.qgz
2024-06-04 02:29:01,930 Successfully exported vector layer: Test_shapefile_AO to C:\Users\Nocturne\Desktop\Exporter\output_2024-06-04_02-29-01_AM\output_2024-06-04_02-29-01_AM.gpkg
2024-06-04 02:29:01,937 Successfully exported vector layer: Test_shapefile_AO to C:\Users\Nocturne\Desktop\Exporter\output_2024-06-04_02-29-01_AM\Test_shapefile_AO.shp
2024-06-04 02:29:01,956 Successfully exported vector layer: 123 to C:\Users\Nocturne\Desktop\Exporter\output_2024-06-04_02-29-01_AM\output_2024-06-04_02-29-01_AM.gpkg
2024-06-04 02:29:01,963 Successfully exported vector layer: 123 to C:\Users\Nocturne\Desktop\Exporter\output_2024-06-04_02-29-01_AM\123.shp
2024-06-04 02:29:02,094 Script finished.
2024-06-04 02:29:24,868 Script started.
2024-06-04 02:29:26,091 Created output directory: C:\Users\Nocturne\Desktop\Exporter\output_2024-06-04_02-29-26_AM
2024-06-04 02:29:26,269 Loaded project file: C:\Users\Nocturne\Desktop\Exporter\exporter.qgz
2024-06-04 02:29:26,367 Successfully exported vector layer: Test_shapefile_AO to C:\Users\Nocturne\Desktop\Exporter\output_2024-06-04_02-29-26_AM\output_2024-06-04_02-29-26_AM.gpkg
2024-06-04 02:29:26,373 Successfully exported vector layer: Test_shapefile_AO to C:\Users\Nocturne\Desktop\Exporter\output_2024-06-04_02-29-26_AM\Test_shapefile_AO.shp
2024-06-04 02:29:26,392 Successfully exported vector layer: 123 to C:\Users\Nocturne\Desktop\Exporter\output_2024-06-04_02-29-26_AM\output_2024-06-04_02-29-26_AM.gpkg
2024-06-04 02:29:26,398 Successfully exported vector layer: 123 to C:\Users\Nocturne\Desktop\Exporter\output_2024-06-04_02-29-26_AM\123.shp
2024-06-04 02:29:26,529 Script finished.
2024-06-04 02:31:12,226 Script started.
2024-06-04 02:31:13,481 Created output directory: C:\Users\Nocturne\Desktop\Exporter\output_2024-06-04_02-31-13_AM
2024-06-04 02:31:13,634 Loaded project file: C:\Users\Nocturne\Desktop\Exporter\exporter.qgz
2024-06-04 02:31:13,698 Error exporting vector layer to GeoPackage: Test_shapefile_AO, 2
2024-06-04 02:31:13,706 Successfully exported vector layer: Test_shapefile_AO to C:\Users\Nocturne\Desktop\Exporter\output_2024-06-04_02-31-13_AM\Test_shapefile_AO.shp
2024-06-04 02:31:13,710 Error exporting vector layer to GeoPackage: 123, 2
2024-06-04 02:31:13,717 Successfully exported vector layer: 123 to C:\Users\Nocturne\Desktop\Exporter\output_2024-06-04_02-31-13_AM\123.shp
2024-06-04 02:31:13,818 Script finished.
2024-06-04 02:32:36,618 Script started.
2024-06-04 02:32:37,865 Created output directory: C:\Users\Nocturne\Desktop\Exporter\output_2024-06-04_02-32-37_AM
2024-06-04 02:32:38,028 Loaded project file: C:\Users\Nocturne\Desktop\Exporter\exporter.qgz
2024-06-04 02:32:38,129 Successfully exported vector layer: Test_shapefile_AO to C:\Users\Nocturne\Desktop\Exporter\output_2024-06-04_02-32-37_AM\output_2024-06-04_02-32-37_AM.gpkg
2024-06-04 02:32:38,136 Successfully exported vector layer: Test_shapefile_AO to C:\Users\Nocturne\Desktop\Exporter\output_2024-06-04_02-32-37_AM\Test_shapefile_AO.shp
2024-06-04 02:32:38,157 Successfully exported vector layer: 123 to C:\Users\Nocturne\Desktop\Exporter\output_2024-06-04_02-32-37_AM\output_2024-06-04_02-32-37_AM.gpkg
2024-06-04 02:32:38,164 Successfully exported vector layer: 123 to C:\Users\Nocturne\Desktop\Exporter\output_2024-06-04_02-32-37_AM\123.shp
2024-06-04 02:32:38,257 Script finished.
2024-06-04 02:34:00,977 Script started.
2024-06-04 02:34:02,247 Created output directory: C:\Users\Nocturne\Desktop\Exporter\output_2024-06-04_02-34-02_AM
2024-06-04 02:34:02,403 Loaded project file: C:\Users\Nocturne\Desktop\Exporter\exporter.qgz
2024-06-04 02:34:02,505 Successfully exported vector layer: Test_shapefile_AO to C:\Users\Nocturne\Desktop\Exporter\output_2024-06-04_02-34-02_AM\output_2024-06-04_02-34-02_AM.gpkg
2024-06-04 02:34:02,512 Successfully exported vector layer: Test_shapefile_AO to C:\Users\Nocturne\Desktop\Exporter\output_2024-06-04_02-34-02_AM\Test_shapefile_AO.shp
2024-06-04 02:34:02,532 Successfully exported vector layer: 123 to C:\Users\Nocturne\Desktop\Exporter\output_2024-06-04_02-34-02_AM\output_2024-06-04_02-34-02_AM.gpkg
2024-06-04 02:34:02,538 Successfully exported vector layer: 123 to C:\Users\Nocturne\Desktop\Exporter\output_2024-06-04_02-34-02_AM\123.shp
2024-06-04 02:34:02,658 Script finished.
2024-06-04 02:39:01,931 Script started.
2024-06-04 02:39:03,136 Created output directory: C:\Users\Nocturne\Desktop\Exporter\output_2024-06-04_02-39-03_AM
2024-06-04 02:39:03,330 Loaded project file: C:\Users\Nocturne\Desktop\Exporter\exporter.qgz
2024-06-04 02:39:03,427 Successfully exported vector layer: Test_shapefile_AO to C:\Users\Nocturne\Desktop\Exporter\output_2024-06-04_02-39-03_AM\output_2024-06-04_02-39-03_AM.gpkg
2024-06-04 02:39:03,446 Successfully exported vector layer: 123 to C:\Users\Nocturne\Desktop\Exporter\output_2024-06-04_02-39-03_AM\output_2024-06-04_02-39-03_AM.gpkg
2024-06-04 02:39:03,453 Successfully exported vector layer: Test_shapefile_AO to C:\Users\Nocturne\Desktop\Exporter\output_2024-06-04_02-39-03_AM\Test_shapefile_AO.shp
2024-06-04 02:39:03,459 Successfully exported vector layer: 123 to C:\Users\Nocturne\Desktop\Exporter\output_2024-06-04_02-39-03_AM\123.shp
2024-06-04 02:39:03,582 Script finished.
2024-06-04 02:40:49,874 Script started.
2024-06-04 02:40:51,100 Created output directory: C:\Users\Nocturne\Desktop\Exporter\output_2024-06-04_02-40-51_AM
2024-06-04 02:40:51,254 Loaded project file: C:\Users\Nocturne\Desktop\Exporter\exporter.qgz
2024-06-04 02:40:51,353 Successfully exported vector layer: Test_shapefile_AO to C:\Users\Nocturne\Desktop\Exporter\output_2024-06-04_02-40-51_AM\output_2024-06-04_02-40-51_AM.gpkg
2024-06-04 02:40:51,372 Successfully exported vector layer: 123 to C:\Users\Nocturne\Desktop\Exporter\output_2024-06-04_02-40-51_AM\output_2024-06-04_02-40-51_AM.gpkg
2024-06-04 02:40:51,379 Successfully exported vector layer: Test_shapefile_AO to C:\Users\Nocturne\Desktop\Exporter\output_2024-06-04_02-40-51_AM\Test_shapefile_AO.shp
2024-06-04 02:40:51,386 Successfully exported vector layer: 123 to C:\Users\Nocturne\Desktop\Exporter\output_2024-06-04_02-40-51_AM\123.shp
2024-06-04 02:40:51,482 Script finished.
2024-06-04 02:43:31,040 Script started.
2024-06-04 02:43:32,245 Created output directory: C:\Users\Nocturne\Desktop\Exporter\output_2024-06-04_02-43-32_AM
2024-06-04 02:43:32,395 Loaded project file: C:\Users\Nocturne\Desktop\Exporter\exporter.qgz
2024-06-04 02:43:32,513 Successfully exported vector layer: Test_shapefile_AO to C:\Users\Nocturne\Desktop\Exporter\output_2024-06-04_02-43-32_AM\output_2024-06-04_02-43-32_AM.gpkg
2024-06-04 02:43:32,533 Successfully exported vector layer: 123 to C:\Users\Nocturne\Desktop\Exporter\output_2024-06-04_02-43-32_AM\output_2024-06-04_02-43-32_AM.gpkg
2024-06-04 02:43:32,540 Successfully exported vector layer: Test_shapefile_AO to C:\Users\Nocturne\Desktop\Exporter\output_2024-06-04_02-43-32_AM\Test_shapefile_AO.shp
2024-06-04 02:43:32,546 Successfully exported vector layer: 123 to C:\Users\Nocturne\Desktop\Exporter\output_2024-06-04_02-43-32_AM\123.shp
2024-06-04 02:43:32,680 Script finished.
2024-06-04 02:44:01,912 Script started.
2024-06-04 02:44:03,144 Created output directory: C:\Users\Nocturne\Desktop\Exporter\output_2024-06-04_02-44-03_AM
2024-06-04 02:44:03,291 Loaded project file: C:\Users\Nocturne\Desktop\Exporter\exporter.qgz
2024-06-04 02:44:03,410 Successfully exported vector layer: Test_shapefile_AO to C:\Users\Nocturne\Desktop\Exporter\output_2024-06-04_02-44-03_AM\output_2024-06-04_02-44-03_AM.gpkg
2024-06-04 02:44:03,430 Successfully exported vector layer: 123 to C:\Users\Nocturne\Desktop\Exporter\output_2024-06-04_02-44-03_AM\output_2024-06-04_02-44-03_AM.gpkg
2024-06-04 02:44:03,438 Successfully exported vector layer: Test_shapefile_AO to C:\Users\Nocturne\Desktop\Exporter\output_2024-06-04_02-44-03_AM\Test_shapefile_AO.shp
2024-06-04 02:44:03,444 Successfully exported vector layer: 123 to C:\Users\Nocturne\Desktop\Exporter\output_2024-06-04_02-44-03_AM\123.shp
2024-06-04 02:44:03,557 Script finished.
2024-06-04 02:49:01,983 Script started.
2024-06-04 02:49:03,274 Created output directory: C:\Users\Nocturne\Desktop\Exporter\output_2024-06-04_02-49-03_AM
2024-06-04 02:49:03,447 Loaded project file: C:\Users\Nocturne\Desktop\Exporter\exporter.qgz
2024-06-04 02:49:03,574 Successfully exported vector layer: Test_shapefile_AO to C:\Users\Nocturne\Desktop\Exporter\output_2024-06-04_02-49-03_AM\output_2024-06-04_02-49-03_AM.gpkg
2024-06-04 02:49:03,600 Successfully exported vector layer: 123 to C:\Users\Nocturne\Desktop\Exporter\output_2024-06-04_02-49-03_AM\output_2024-06-04_02-49-03_AM.gpkg
2024-06-04 02:49:03,609 Successfully exported vector layer: Test_shapefile_AO to C:\Users\Nocturne\Desktop\Exporter\output_2024-06-04_02-49-03_AM\Test_shapefile_AO.shp
2024-06-04 02:49:03,616 Successfully exported vector layer: 123 to C:\Users\Nocturne\Desktop\Exporter\output_2024-06-04_02-49-03_AM\123.shp
2024-06-04 02:49:03,717 Script finished.
2024-06-04 02:49:31,195 Script started.
2024-06-04 02:49:32,453 Created output directory: C:\Users\Nocturne\Desktop\Exporter\output_2024-06-04_02-49-32_AM
2024-06-04 02:49:32,611 Loaded project file: C:\Users\Nocturne\Desktop\Exporter\exporter.qgz
2024-06-04 02:50:28,592 Script started.
2024-06-04 02:50:29,836 Created output directory: C:\Users\Nocturne\Desktop\Exporter\output_2024-06-04_02-50-29_AM
2024-06-04 02:50:30,037 Loaded project file: C:\Users\Nocturne\Desktop\Exporter\exporter.qgz
2024-06-04 02:50:30,104 Successfully exported vector layer: Test_shapefile_AO to C:\Users\Nocturne\Desktop\Exporter\output_2024-06-04_02-50-29_AM\Test_shapefile_AO.shp
2024-06-04 02:50:30,112 Successfully exported vector layer: 123 to C:\Users\Nocturne\Desktop\Exporter\output_2024-06-04_02-50-29_AM\123.shp
2024-06-04 02:50:30,242 Script finished.
2024-06-04 02:51:35,859 Script started.
2024-06-04 02:51:37,074 Created output directory: C:\Users\Nocturne\Desktop\Exporter\output_2024-06-04_02-51-37_AM
2024-06-04 02:51:37,227 Loaded project file: C:\Users\Nocturne\Desktop\Exporter\exporter.qgz
2024-06-04 02:51:37,296 Successfully exported vector layer: Test_shapefile_AO to C:\Users\Nocturne\Desktop\Exporter\output_2024-06-04_02-51-37_AM\Test_shapefile_AO.shp
2024-06-04 02:51:37,304 Successfully exported vector layer: 123 to C:\Users\Nocturne\Desktop\Exporter\output_2024-06-04_02-51-37_AM\123.shp
2024-06-04 02:51:37,404 Script finished.
2024-06-04 02:53:21,295 Script started.
2024-06-04 02:53:22,549 Created output directory: C:\Users\Nocturne\Desktop\Exporter\output_2024-06-04_02-53-22_AM
2024-06-04 02:53:22,742 Loaded project file: C:\Users\Nocturne\Desktop\Exporter\exporter.qgz
2024-06-04 02:53:22,809 Successfully exported vector layer: Test_shapefile_AO with CRS: EPSG:4326 to C:\Users\Nocturne\Desktop\Exporter\output_2024-06-04_02-53-22_AM\Test_shapefile_AO.shp
2024-06-04 02:53:22,817 Successfully exported vector layer: 123 with CRS: EPSG:4326 to C:\Users\Nocturne\Desktop\Exporter\output_2024-06-04_02-53-22_AM\123.shp
2024-06-04 02:53:22,921 Script finished.
2024-06-04 02:54:01,947 Script started.
2024-06-04 02:54:03,169 Created output directory: C:\Users\Nocturne\Desktop\Exporter\output_2024-06-04_02-54-03_AM
2024-06-04 02:54:03,328 Loaded project file: C:\Users\Nocturne\Desktop\Exporter\exporter.qgz
2024-06-04 02:54:03,399 Successfully exported vector layer: Test_shapefile_AO with CRS: EPSG:4326 to C:\Users\Nocturne\Desktop\Exporter\output_2024-06-04_02-54-03_AM\Test_shapefile_AO.shp
2024-06-04 02:54:03,407 Successfully exported vector layer: 123 with CRS: EPSG:4326 to C:\Users\Nocturne\Desktop\Exporter\output_2024-06-04_02-54-03_AM\123.shp
2024-06-04 02:54:03,527 Script finished.
2024-06-04 02:54:06,569 Script started.
2024-06-04 02:54:07,832 Created output directory: C:\Users\Nocturne\Desktop\Exporter\output_2024-06-04_02-54-07_AM
2024-06-04 02:54:07,997 Loaded project file: C:\Users\Nocturne\Desktop\Exporter\exporter.qgz
2024-06-04 02:54:08,063 Successfully exported vector layer: Test_shapefile_AO with CRS: EPSG:4326 to C:\Users\Nocturne\Desktop\Exporter\output_2024-06-04_02-54-07_AM\Test_shapefile_AO.shp
2024-06-04 02:54:08,072 Successfully exported vector layer: 123 with CRS: EPSG:32638 to C:\Users\Nocturne\Desktop\Exporter\output_2024-06-04_02-54-07_AM\123.shp
2024-06-04 02:54:08,220 Script finished.
